<?xml version="1.0" encoding="UTF-8"?>
<!-- Generated by org.testng.reporters.JUnitReportReporter -->
<testsuite hostname="LAPTOP-U0CJVNVP" failures="0" tests="1" name="tests.TestsExample" time="1.883" errors="0" timestamp="2024-07-25T23:56:46 IST" skipped="0">
  <testcase classname="tests.TestsExample" name="test_1" time="1.883"/>
  <system-out/>
</testsuite> <!-- tests.TestsExample -->
